<?xml version="1.0" encoding="UTF-8"?>
<!-- Generated by org.testng.reporters.JUnitReportReporter -->
<testsuite skipped="0" hostname="DESKTOP-RIA7ACO" name="project_1.C" tests="1" failures="0" timestamp="2022-09-05T10:16:08 IST" time="1.119" errors="0">
  <testcase name="saveLead" time="1.119" classname="project_1.C"/>
  <system-out/>
</testsuite> <!-- project_1.C -->
